2025-12-02T01:42:37.042Z INFO SharedStateManager initialized
2025-12-02T01:42:37.044Z INFO Is remote: false
2025-12-02T01:42:37.057Z INFO Starting Local. Installation path: c:\Users\Subhasish\OneDrive\Desktop\Shuuvoratech
2025-12-02T01:42:37.060Z INFO [MainProvider] Creating new MainProvider instance...
2025-12-02T01:42:37.061Z INFO [TabsManager] Code view listener set up at initialization
2025-12-02T01:42:37.066Z INFO Installation path exists: c:\Users\Subhasish\OneDrive\Desktop\Shuuvoratech
2025-12-02T01:42:37.070Z INFO Initializing database with URL: file:c:\Users\Subhasish\OneDrive\Desktop\Shuuvoratech\pythagora-core\data\database\pythagora.db
2025-12-02T01:42:37.084Z INFO Database file exists, skipping prisma generate/push for faster startup
2025-12-02T01:42:37.085Z INFO Database initialized successfully
2025-12-02T01:42:37.088Z INFO [Migration] Checking for database migration...
2025-12-02T01:42:37.272Z INFO [Migration] No migration needed
2025-12-02T01:42:37.290Z INFO Starting right sidebar creation...
2025-12-02T01:42:37.291Z INFO Initializing MainProvider...
2025-12-02T01:42:37.292Z INFO Updating user profile...
2025-12-02T01:42:37.293Z INFO No access token found when trying to fetch user profile
2025-12-02T01:42:37.294Z INFO Creating right panel...
2025-12-02T01:42:37.295Z INFO Creating right panel...
2025-12-02T01:42:37.296Z INFO Closing all existing tabs...
2025-12-02T01:42:37.299Z INFO Right panel webview created
2025-12-02T01:42:37.309Z INFO Right panel HTML set successfully
2025-12-02T01:42:37.310Z INFO Right panel setup completed
2025-12-02T01:42:37.312Z INFO Setting up right panel dependencies...
2025-12-02T01:42:37.337Z INFO Right panel dependencies setup complete, waiting for ready signal...
2025-12-02T01:42:39.505Z INFO MainProvider handleMessage {"command":"rightPanelReady","data":{},"source":"right"}
2025-12-02T01:42:39.507Z INFO Routing rightPanelReady through new unified router from right
2025-12-02T01:42:39.508Z INFO [Message Router] Routing rightPanelReady through unified router
2025-12-02T01:42:39.519Z INFO MainProvider handleMessage {"command":"rightBarRendered","data":"","source":"right"}
2025-12-02T01:42:39.520Z INFO Right panel setup completed successfully
2025-12-02T01:42:39.521Z INFO Right panel created via MainProvider
2025-12-02T01:42:39.523Z INFO Storing initial prompt...
2025-12-02T01:42:39.524Z INFO Tracing first panel open...
2025-12-02T01:42:39.525Z INFO Right sidebar setup completed successfully
2025-12-02T01:42:48.030Z INFO Right panel disposed, triggering cleanup...
2025-12-02T01:42:48.032Z INFO Right panel disposed, cleaning up...
2025-12-02T01:42:48.035Z INFO MainProvider handleMessage {"command":"coreExited","route":"broadcast"}
2025-12-02T01:42:48.036Z INFO Routing coreExited through new unified router from unknown
2025-12-02T01:42:48.037Z INFO [Message Router] Routing coreExited through unified router
2025-12-02T01:42:48.039Z INFO Closing entire Pythagora extension...
2025-12-02T01:42:48.077Z INFO Pythagora extension closed
2025-12-02T01:42:56.408Z INFO Closing entire Pythagora extension...
2025-12-02T01:42:56.415Z ERROR Error closing extension
Error: Canceled
Stack: Canceled: Canceled
	at new ij (file:///c:/Users/Subhasish/AppData/Local/Programs/Microsoft%20VS%20Code/resources/app/out/vs/workbench/api/node/extensionHostProcess.js:29:120021)
	at JS.U (file:///c:/Users/Subhasish/AppData/Local/Programs/Microsoft%20VS%20Code/resources/app/out/vs/workbench/api/node/extensionHostProcess.js:29:124631)
	at s.<computed>.n.charCodeAt.s.<computed> (file:///c:/Users/Subhasish/AppData/Local/Programs/Microsoft%20VS%20Code/resources/app/out/vs/workbench/api/node/extensionHostProcess.js:29:122125)
	at Zy.g (file:///c:/Users/Subhasish/AppData/Local/Programs/Microsoft%20VS%20Code/resources/app/out/vs/workbench/api/node/extensionHostProcess.js:114:41133)
	at Zy.executeCommand (file:///c:/Users/Subhasish/AppData/Local/Programs/Microsoft%20VS%20Code/resources/app/out/vs/workbench/api/node/extensionHostProcess.js:114:40637)
	at Object.executeCommand (file:///c:/Users/Subhasish/AppData/Local/Programs/Microsoft%20VS%20Code/resources/app/out/vs/workbench/api/node/extensionHostProcess.js:210:101000)
	at closeEntirePythagoraExtension (c:\Users\Subhasish\.vscode\extensions\pythagoratechnologies.pythagora-vs-code-2.6.10\out\extension.js:560:31)
	at Object.deactivate (c:\Users\Subhasish\.vscode\extensions\pythagoratechnologies.pythagora-vs-code-2.6.10\out\extension.js:427:15)
	at kX.eb (file:///c:/Users/Subhasish/AppData/Local/Programs/Microsoft%20VS%20Code/resources/app/out/vs/workbench/api/node/extensionHostProcess.js:118:11850)
	at file:///c:/Users/Subhasish/AppData/Local/Programs/Microsoft%20VS%20Code/resources/app/out/vs/workbench/api/node/extensionHostProcess.js:118:10000
	at Array.map (<anonymous>)
	at kX.$ (file:///c:/Users/Subhasish/AppData/Local/Programs/Microsoft%20VS%20Code/resources/app/out/vs/workbench/api/node/extensionHostProcess.js:118:9988)
	at kX.terminate (file:///c:/Users/Subhasish/AppData/Local/Programs/Microsoft%20VS%20Code/resources/app/out/vs/workbench/api/node/extensionHostProcess.js:118:10231)
	at nN.terminate (file:///c:/Users/Subhasish/AppData/Local/Programs/Microsoft%20VS%20Code/resources/app/out/vs/workbench/api/node/extensionHostProcess.js:120:914)
	at Fs (file:///c:/Users/Subhasish/AppData/Local/Programs/Microsoft%20VS%20Code/resources/app/out/vs/workbench/api/node/extensionHostProcess.js:402:10411)
	at MessagePortMain.<anonymous> (file:///c:/Users/Subhasish/AppData/Local/Programs/Microsoft%20VS%20Code/resources/app/out/vs/workbench/api/node/extensionHostProcess.js:402:6949)
	at MessagePortMain.emit (node:events:519:28)
	at MessagePortMain._internalPort.emit (node:electron/js2c/utility_init:2:2949)
Extra context: {
  "message": "Canceled"
}
